FAIL: UserController, action 102.
FAIL: UserController, action 102.
FAIL: UserController, action 102.
FAIL: UserController, action 102.
SQLSTATE[HY093]: Invalid parameter number: number of bound variables does not match number of tokensFAIL: UserController, action 102.
FAIL: UserController, action 102.
FAIL: UserController, action 102.
FAIL: UserController, action 102.
FAIL: UserController, action 102.
FAIL: UserController, action 102.
SQLSTATE[HY093]: Invalid parameter number: no parameters were boundFAIL: UserController, action 102.
FAIL: UserController, action 102.
FAIL: UserController, action 102.
FAIL: UserController, action 102.
SQLSTATE[HY093]: Invalid parameter number: number of bound variables does not match number of tokensFAIL: UserController, action 102.
FAIL: UserController, action 102.
FAIL: UserController, action 102.
FAIL: UserController, action 102.
FAIL: UserController, action 102.
FAIL: UserController, action 102.
FAIL: UserController, action 102.
FAIL: UserController, action 102.
FAIL: UserController, action 102.
[//][::] FAIL: UserController, action 101.
<<<<<<< HEAD
=======
[//][::] FAIL: UserController, action 101.
[//][::] FAIL: UserController, action 100.
[//][::] FAIL: UserController, action 101.
[//][::] FAIL: UserController, action 100.
[//][::] FAIL: UserController, action 101.
[//][::] FAIL: UserController, action 101.
[//][::] FAIL: UserController, action 101.
FAIL: UserController, action 101.
FAIL: UserController, action 100.
FAIL: UserController, action 101.
FAIL: UserController, action 100.
FAIL: UserController, action 100.
FAIL: UserController, action 101.
FAIL: UserController, action 100.
FAIL: UserController, action 101.
FAIL: UserController, action 100.
FAIL: UserController, action 100.
FAIL: UserController, action 101.
FAIL: UserController, action 101.
FAIL: UserController, action 100.
FAIL: UserController, action 101.
FAIL: UserController, action 100.
FAIL: UserController, action 101.
FAIL: UserController, action 100.
>>>>>>> 46c29f2f5a2796d99c6fac5c2d1f306a10683aba
[//][::] FAIL: UserController, action 100.
